<?xml version="1.0" encoding="UTF-8"?>
<!-- Generated by org.testng.reporters.JUnitXMLReporter -->
<testsuite ignored="1" hostname="DESKTOP-3VI02IA" failures="1" tests="1" name="Default test(failed)" time="8.67" errors="0" timestamp="2025-06-13T16:15:37 IST">
  <testcase classname="practice.test.ListenerInvoiceTestExecuteOnlyFailedTest" name="createInvoiceTest" time="0.054">
    <failure type="java.lang.AssertionError" message="expected []Login] but found [Admin123@ Administrator1 - Home - vtiger CRM 5 - Commercial Open Source CRM]">
      <![CDATA[java.lang.AssertionError: expected []Login] but found [Admin123@ Administrator1 - Home - vtiger CRM 5 - Commercial Open Source CRM]
at practice.test.ListenerInvoiceTestExecuteOnlyFailedTest.createInvoiceTest(ListenerInvoiceTestExecuteOnlyFailedTest.java:16)
at java.base/java.util.ArrayList.forEach(ArrayList.java:1596)
... Removed 31 stack frames]]>
    </failure>
  </testcase> <!-- createInvoiceTest -->
  <testcase classname="practice.test.ListenerInvoiceTestExecuteOnlyFailedTest" name="createInvoiceWithContactTest" time="0.0">
    <ignored/>
  </testcase> <!-- createInvoiceWithContactTest -->
</testsuite> <!-- Default test(failed) -->
