<?xml version="1.0" encoding="UTF-8"?>
<!-- Generated by org.testng.reporters.JUnitXMLReporter -->
<testsuite ignored="2" hostname="DESKTOP-3VI02IA" failures="0" tests="4" name="ConfigAnnotations" time="0.062" errors="0" timestamp="2025-06-10T16:20:31 IST">
  <testcase classname="com.comcast.crm.ContactTest_ConfigAnnotations.CreateContactTest" name="createContact" time="0.005"/>
  <testcase classname="com.comcast.crm.ContactTest_ConfigAnnotations.CreateContactTest" name="createContactWithDateTest" time="0.001"/>
  <testcase classname="com.comcast.crm.OrgTest_ConfigAnnotations.CreateOrganizationTest" name="createOrganizationTest" time="0.001"/>
  <testcase classname="com.comcast.crm.OrgTest_ConfigAnnotations.CreateOrganizationTest" name="createOrganizationWithIndustryTest" time="0.002"/>
  <testcase classname="com.crm.generic.BaseUtility.BaseClass" name="@BeforeSuite configBS" time="0.0">
    <ignored/>
  </testcase> <!-- @BeforeSuite configBS -->
  <testcase classname="com.crm.generic.BaseUtility.BaseClass" name="@AfterSuite configAS" time="0.0">
    <ignored/>
  </testcase> <!-- @AfterSuite configAS -->
</testsuite> <!-- ConfigAnnotations -->
