<?xml version="1.0" encoding="UTF-8"?>
<!-- Generated by org.testng.reporters.JUnitXMLReporter -->
<testsuite ignored="0" hostname="DESKTOP-3VI02IA" failures="0" tests="3" name="Test2" time="60.421" errors="0" timestamp="2025-06-13T23:25:49 IST">
  <testcase classname="com.comcast.crm.ParallelExecution_Distributed.CreateContactTest" name="createContactTest" time="9.067"/>
  <testcase classname="com.comcast.crm.ParallelExecution_Distributed.CreateContactTest" name="createContactWithOrganizationTest" time="18.882"/>
  <testcase classname="com.comcast.crm.ParallelExecution_Distributed.CreateContactTest" name="createContactWithSupportDateTest" time="12.844"/>
</testsuite> <!-- Test2 -->
