<?xml version="1.0" encoding="UTF-8"?>
<!-- Generated by org.testng.reporters.JUnitXMLReporter -->
<testsuite ignored="0" hostname="DESKTOP-3VI02IA" failures="0" tests="3" name="Test1" time="45.427" errors="0" timestamp="2025-06-13T23:25:34 IST">
  <testcase classname="com.comcast.crm.ParallelExecution_Distributed.CreateOrgTest" name="createOrganizationTest" time="9.093"/>
  <testcase classname="com.comcast.crm.ParallelExecution_Distributed.CreateOrgTest" name="createOrganizationWithIndustryAndTypeTest" time="8.597"/>
  <testcase classname="com.comcast.crm.ParallelExecution_Distributed.CreateOrgTest" name="createOrganizationWithPhoneNumber" time="7.53"/>
</testsuite> <!-- Test1 -->
